C:\Program Files (x86)\Microsoft Visual Studio\2017\Community\Common7\IDE\VC\VCTargets\Microsoft.CppBuild.targets(399,5): warning MSB8029: The Intermediate directory or Output directory cannot reside under the Temporary directory as it could lead to issues with incremental build.
  Game.cpp
d:\exercise\snake_sfml\snake_sfml\game.cpp(56): warning C4244: 'initializing': conversion from 'int' to 'float', possible loss of data
  Source.cpp
d:\exercise\snake_sfml\snake_sfml\source.cpp(5): warning C4326: return type of 'main' should be 'int' instead of 'void'
  World.cpp
d:\exercise\snake_sfml\snake_sfml\world.cpp(9): warning C4244: 'argument': conversion from 'int' to 'float', possible loss of data
d:\exercise\snake_sfml\snake_sfml\world.cpp(16): warning C4244: 'argument': conversion from 'int' to 'T', possible loss of data
          with
          [
              T=float
          ]
d:\exercise\snake_sfml\snake_sfml\world.cpp(16): warning C4244: 'argument': conversion from 'T' to 'T', possible loss of data
          with
          [
              T=unsigned int
          ]
          and
          [
              T=float
          ]
d:\exercise\snake_sfml\snake_sfml\world.cpp(20): warning C4244: 'argument': conversion from 'T' to 'T', possible loss of data
          with
          [
              T=unsigned int
          ]
          and
          [
              T=float
          ]
d:\exercise\snake_sfml\snake_sfml\world.cpp(20): warning C4244: 'argument': conversion from 'int' to 'T', possible loss of data
          with
          [
              T=float
          ]
d:\exercise\snake_sfml\snake_sfml\world.cpp(50): warning C4244: 'argument': conversion from 'int' to 'float', possible loss of data
  Generating Code...
  Snake_SFML.vcxproj -> D:\Exercise\Snake_SFML\x64\Debug\Snake_SFML.exe
